<?xml version="1.0" encoding="UTF-8"?>
<!-- Generated by org.testng.reporters.JUnitReportReporter -->
<testsuite hostname="LAPTOP-MRVI2C8P" name="AlertPopup" tests="1" failures="0" timestamp="2 Feb 2023 07:14:08 GMT" time="3.113" errors="0">
  <testcase name="testAlertPopup" time="3.113" classname="AlertPopup"/>
</testsuite> <!-- AlertPopup -->
